Performing C SOURCE FILE Test CMAKE_HAVE_LIBC_PTHREAD failed with the following output:
Change Dir: /class/classes/arabi005/lab-05---composite-pattern-rjahr003_arabi005_lab5/CMakeFiles/CMakeTmp

Run Build Command(s):/opt/rh/devtoolset-6/root/usr/bin/gmake cmTC_3881b/fast && /opt/rh/devtoolset-6/root/usr/bin/gmake  -f CMakeFiles/cmTC_3881b.dir/build.make CMakeFiles/cmTC_3881b.dir/build
gmake[1]: Entering directory '/class/classes/arabi005/lab-05---composite-pattern-rjahr003_arabi005_lab5/CMakeFiles/CMakeTmp'
Building C object CMakeFiles/cmTC_3881b.dir/src.c.o
/opt/rh/devtoolset-6/root/usr/bin/cc   -DCMAKE_HAVE_LIBC_PTHREAD   -o CMakeFiles/cmTC_3881b.dir/src.c.o   -c /class/classes/arabi005/lab-05---composite-pattern-rjahr003_arabi005_lab5/CMakeFiles/CMakeTmp/src.c
Linking C executable cmTC_3881b
/usr/bin/cmake3 -E cmake_link_script CMakeFiles/cmTC_3881b.dir/link.txt --verbose=1
/opt/rh/devtoolset-6/root/usr/bin/cc  -DCMAKE_HAVE_LIBC_PTHREAD    -rdynamic CMakeFiles/cmTC_3881b.dir/src.c.o  -o cmTC_3881b 
CMakeFiles/cmTC_3881b.dir/src.c.o: In function `main':
src.c:(.text+0x2d): undefined reference to `pthread_create'
src.c:(.text+0x39): undefined reference to `pthread_detach'
src.c:(.text+0x45): undefined reference to `pthread_cancel'
src.c:(.text+0x56): undefined reference to `pthread_join'
src.c:(.text+0x6a): undefined reference to `pthread_atfork'
collect2: error: ld returned 1 exit status
CMakeFiles/cmTC_3881b.dir/build.make:106: recipe for target 'cmTC_3881b' failed
gmake[1]: *** [cmTC_3881b] Error 1
gmake[1]: Leaving directory '/class/classes/arabi005/lab-05---composite-pattern-rjahr003_arabi005_lab5/CMakeFiles/CMakeTmp'
Makefile:141: recipe for target 'cmTC_3881b/fast' failed
gmake: *** [cmTC_3881b/fast] Error 2


Source file was:
#include <pthread.h>

void* test_func(void* data)
{
  return data;
}

int main(void)
{
  pthread_t thread;
  pthread_create(&thread, NULL, test_func, NULL);
  pthread_detach(thread);
  pthread_cancel(thread);
  pthread_join(thread, NULL);
  pthread_atfork(NULL, NULL, NULL);
  pthread_exit(NULL);

  return 0;
}

Determining if the function pthread_create exists in the pthreads failed with the following output:
Change Dir: /class/classes/arabi005/lab-05---composite-pattern-rjahr003_arabi005_lab5/CMakeFiles/CMakeTmp

Run Build Command(s):/opt/rh/devtoolset-6/root/usr/bin/gmake cmTC_d635e/fast && /opt/rh/devtoolset-6/root/usr/bin/gmake  -f CMakeFiles/cmTC_d635e.dir/build.make CMakeFiles/cmTC_d635e.dir/build
gmake[1]: Entering directory '/class/classes/arabi005/lab-05---composite-pattern-rjahr003_arabi005_lab5/CMakeFiles/CMakeTmp'
Building C object CMakeFiles/cmTC_d635e.dir/CheckFunctionExists.c.o
/opt/rh/devtoolset-6/root/usr/bin/cc   -DCHECK_FUNCTION_EXISTS=pthread_create   -o CMakeFiles/cmTC_d635e.dir/CheckFunctionExists.c.o   -c /usr/share/cmake3/Modules/CheckFunctionExists.c
Linking C executable cmTC_d635e
/usr/bin/cmake3 -E cmake_link_script CMakeFiles/cmTC_d635e.dir/link.txt --verbose=1
/opt/rh/devtoolset-6/root/usr/bin/cc  -DCHECK_FUNCTION_EXISTS=pthread_create    -rdynamic CMakeFiles/cmTC_d635e.dir/CheckFunctionExists.c.o  -o cmTC_d635e  -lpthreads 
/opt/rh/devtoolset-6/root/usr/libexec/gcc/x86_64-redhat-linux/6.3.1/ld: cannot find -lpthreads
collect2: error: ld returned 1 exit status
CMakeFiles/cmTC_d635e.dir/build.make:106: recipe for target 'cmTC_d635e' failed
gmake[1]: *** [cmTC_d635e] Error 1
gmake[1]: Leaving directory '/class/classes/arabi005/lab-05---composite-pattern-rjahr003_arabi005_lab5/CMakeFiles/CMakeTmp'
Makefile:141: recipe for target 'cmTC_d635e/fast' failed
gmake: *** [cmTC_d635e/fast] Error 2



